2021-06-20 12:28:03,973 INFO org.hibernate.validator.internal.util.Version [background-preinit] HV000001: Hibernate Validator 6.1.6.Final
2021-06-20 12:28:03,983 INFO com.ElectronicPurchaseAppApplication [main] Starting ElectronicPurchaseAppApplication using Java 15.0.2 on DESKTOP-QR1VEP6 with PID 6800 (C:\Users\HP\eclipse-workspaceProject\ElectronicPurchaseApp\bin\main started by HP in C:\Users\HP\eclipse-workspaceProject\ElectronicPurchaseApp)
2021-06-20 12:28:03,984 INFO com.ElectronicPurchaseAppApplication [main] No active profile set, falling back to default profiles: default
2021-06-20 12:28:05,593 INFO org.springframework.data.repository.config.RepositoryConfigurationDelegate [main] Bootstrapping Spring Data JPA repositories in DEFAULT mode.
2021-06-20 12:28:06,013 INFO org.springframework.data.repository.config.RepositoryConfigurationDelegate [main] Finished Spring Data repository scanning in 408 ms. Found 5 JPA repository interfaces.
2021-06-20 12:28:06,836 INFO org.springframework.boot.web.embedded.tomcat.TomcatWebServer [main] Tomcat initialized with port(s): 8080 (http)
2021-06-20 12:28:06,853 INFO org.apache.coyote.http11.Http11NioProtocol [main] Initializing ProtocolHandler ["http-nio-8080"]
2021-06-20 12:28:06,854 INFO org.apache.catalina.core.StandardService [main] Starting service [Tomcat]
2021-06-20 12:28:06,855 INFO org.apache.catalina.core.StandardEngine [main] Starting Servlet engine: [Apache Tomcat/9.0.46]
2021-06-20 12:28:06,986 INFO org.apache.catalina.core.ContainerBase.[Tomcat].[localhost].[/] [main] Initializing Spring embedded WebApplicationContext
2021-06-20 12:28:06,987 INFO org.springframework.boot.web.servlet.context.ServletWebServerApplicationContext [main] Root WebApplicationContext: initialization completed in 2941 ms
2021-06-20 12:28:07,163 INFO com.zaxxer.hikari.HikariDataSource [main] HikariPool-1 - Starting...
2021-06-20 12:28:07,395 INFO com.zaxxer.hikari.HikariDataSource [main] HikariPool-1 - Start completed.
2021-06-20 12:28:07,809 INFO org.hibernate.jpa.internal.util.LogHelper [main] HHH000204: Processing PersistenceUnitInfo [name: default]
2021-06-20 12:28:07,878 INFO org.hibernate.Version [main] HHH000412: Hibernate ORM core version 5.4.32.Final
2021-06-20 12:28:08,036 INFO org.hibernate.annotations.common.Version [main] HCANN000001: Hibernate Commons Annotations {5.1.2.Final}
2021-06-20 12:28:08,194 INFO org.hibernate.dialect.Dialect [main] HHH000400: Using dialect: org.hibernate.dialect.PostgreSQL10Dialect
2021-06-20 12:28:10,675 INFO org.hibernate.engine.transaction.jta.platform.internal.JtaPlatformInitiator [main] HHH000490: Using JtaPlatform implementation: [org.hibernate.engine.transaction.jta.platform.internal.NoJtaPlatform]
2021-06-20 12:28:10,689 INFO org.springframework.orm.jpa.LocalContainerEntityManagerFactoryBean [main] Initialized JPA EntityManagerFactory for persistence unit 'default'
2021-06-20 12:28:11,802 WARN org.springframework.boot.autoconfigure.orm.jpa.JpaBaseConfiguration$JpaWebConfiguration [main] spring.jpa.open-in-view is enabled by default. Therefore, database queries may be performed during view rendering. Explicitly configure spring.jpa.open-in-view to disable this warning
2021-06-20 12:28:13,004 INFO org.apache.coyote.http11.Http11NioProtocol [main] Starting ProtocolHandler ["http-nio-8080"]
2021-06-20 12:28:13,046 INFO org.springframework.boot.web.embedded.tomcat.TomcatWebServer [main] Tomcat started on port(s): 8080 (http) with context path ''
2021-06-20 12:28:13,629 INFO com.ElectronicPurchaseAppApplication [main] Started ElectronicPurchaseAppApplication in 10.036 seconds (JVM running for 11.258)
2021-06-20 13:14:14,520 WARN com.zaxxer.hikari.pool.HikariPool [HikariPool-1 housekeeper] HikariPool-1 - Thread starvation or clock leap detected (housekeeper delta=30m6s999ms612µs400ns).
2021-06-20 14:05:43,703 WARN com.zaxxer.hikari.pool.HikariPool [HikariPool-1 housekeeper] HikariPool-1 - Thread starvation or clock leap detected (housekeeper delta=48m29s185ms735µs800ns).
2021-06-20 14:48:11,448 WARN com.zaxxer.hikari.pool.HikariPool [HikariPool-1 housekeeper] HikariPool-1 - Thread starvation or clock leap detected (housekeeper delta=19m27s713ms718µs).
2021-06-20 14:56:07,474 INFO org.apache.catalina.core.ContainerBase.[Tomcat].[localhost].[/] [http-nio-8080-exec-2] Initializing Spring DispatcherServlet 'dispatcherServlet'
2021-06-20 14:56:07,475 INFO org.springframework.web.servlet.DispatcherServlet [http-nio-8080-exec-2] Initializing Servlet 'dispatcherServlet'
2021-06-20 14:56:07,477 INFO org.springframework.web.servlet.DispatcherServlet [http-nio-8080-exec-2] Completed initialization in 2 ms
2021-06-20 15:02:50,090 INFO org.springframework.boot.admin.SpringApplicationAdminMXBeanRegistrar$SpringApplicationAdmin [RMI TCP Connection(64)-127.0.0.1] Application shutdown requested.
2021-06-20 15:02:50,128 INFO org.springframework.orm.jpa.LocalContainerEntityManagerFactoryBean [RMI TCP Connection(64)-127.0.0.1] Closing JPA EntityManagerFactory for persistence unit 'default'
2021-06-20 15:02:50,130 INFO com.zaxxer.hikari.HikariDataSource [RMI TCP Connection(64)-127.0.0.1] HikariPool-1 - Shutdown initiated...
2021-06-20 15:02:50,134 INFO com.zaxxer.hikari.HikariDataSource [RMI TCP Connection(64)-127.0.0.1] HikariPool-1 - Shutdown completed.
2021-06-20 15:02:56,129 INFO org.hibernate.validator.internal.util.Version [background-preinit] HV000001: Hibernate Validator 6.1.6.Final
2021-06-20 15:02:56,169 INFO com.ElectronicPurchaseAppApplication [main] Starting ElectronicPurchaseAppApplication using Java 15.0.2 on DESKTOP-QR1VEP6 with PID 4640 (C:\Users\HP\eclipse-workspaceProject\ElectronicPurchaseApp\bin\main started by HP in C:\Users\HP\eclipse-workspaceProject\ElectronicPurchaseApp)
2021-06-20 15:02:56,170 INFO com.ElectronicPurchaseAppApplication [main] No active profile set, falling back to default profiles: default
2021-06-20 15:02:58,207 INFO org.springframework.data.repository.config.RepositoryConfigurationDelegate [main] Bootstrapping Spring Data JPA repositories in DEFAULT mode.
2021-06-20 15:02:58,730 INFO org.springframework.data.repository.config.RepositoryConfigurationDelegate [main] Finished Spring Data repository scanning in 510 ms. Found 5 JPA repository interfaces.
2021-06-20 15:02:59,666 INFO org.springframework.boot.web.embedded.tomcat.TomcatWebServer [main] Tomcat initialized with port(s): 8080 (http)
2021-06-20 15:02:59,680 INFO org.apache.coyote.http11.Http11NioProtocol [main] Initializing ProtocolHandler ["http-nio-8080"]
2021-06-20 15:02:59,681 INFO org.apache.catalina.core.StandardService [main] Starting service [Tomcat]
2021-06-20 15:02:59,682 INFO org.apache.catalina.core.StandardEngine [main] Starting Servlet engine: [Apache Tomcat/9.0.46]
2021-06-20 15:02:59,853 INFO org.apache.catalina.core.ContainerBase.[Tomcat].[localhost].[/] [main] Initializing Spring embedded WebApplicationContext
2021-06-20 15:02:59,853 INFO org.springframework.boot.web.servlet.context.ServletWebServerApplicationContext [main] Root WebApplicationContext: initialization completed in 3607 ms
2021-06-20 15:03:00,056 INFO com.zaxxer.hikari.HikariDataSource [main] HikariPool-1 - Starting...
2021-06-20 15:03:00,300 INFO com.zaxxer.hikari.HikariDataSource [main] HikariPool-1 - Start completed.
2021-06-20 15:03:00,678 INFO org.hibernate.jpa.internal.util.LogHelper [main] HHH000204: Processing PersistenceUnitInfo [name: default]
2021-06-20 15:03:00,738 INFO org.hibernate.Version [main] HHH000412: Hibernate ORM core version 5.4.32.Final
2021-06-20 15:03:00,905 INFO org.hibernate.annotations.common.Version [main] HCANN000001: Hibernate Commons Annotations {5.1.2.Final}
2021-06-20 15:03:01,052 INFO org.hibernate.dialect.Dialect [main] HHH000400: Using dialect: org.hibernate.dialect.PostgreSQL10Dialect
2021-06-20 15:03:03,712 INFO org.hibernate.engine.transaction.jta.platform.internal.JtaPlatformInitiator [main] HHH000490: Using JtaPlatform implementation: [org.hibernate.engine.transaction.jta.platform.internal.NoJtaPlatform]
2021-06-20 15:03:03,723 INFO org.springframework.orm.jpa.LocalContainerEntityManagerFactoryBean [main] Initialized JPA EntityManagerFactory for persistence unit 'default'
2021-06-20 15:03:04,784 WARN org.springframework.boot.autoconfigure.orm.jpa.JpaBaseConfiguration$JpaWebConfiguration [main] spring.jpa.open-in-view is enabled by default. Therefore, database queries may be performed during view rendering. Explicitly configure spring.jpa.open-in-view to disable this warning
2021-06-20 15:03:06,124 INFO org.apache.coyote.http11.Http11NioProtocol [main] Starting ProtocolHandler ["http-nio-8080"]
2021-06-20 15:03:06,301 INFO org.springframework.boot.web.embedded.tomcat.TomcatWebServer [main] Tomcat started on port(s): 8080 (http) with context path ''
2021-06-20 15:03:08,790 INFO com.ElectronicPurchaseAppApplication [main] Started ElectronicPurchaseAppApplication in 13.218 seconds (JVM running for 14.579)
2021-06-20 15:03:16,527 INFO org.apache.catalina.core.ContainerBase.[Tomcat].[localhost].[/] [http-nio-8080-exec-1] Initializing Spring DispatcherServlet 'dispatcherServlet'
2021-06-20 15:03:16,528 INFO org.springframework.web.servlet.DispatcherServlet [http-nio-8080-exec-1] Initializing Servlet 'dispatcherServlet'
2021-06-20 15:03:16,534 INFO org.springframework.web.servlet.DispatcherServlet [http-nio-8080-exec-1] Completed initialization in 3 ms
2021-06-20 15:04:06,522 INFO org.springframework.boot.admin.SpringApplicationAdminMXBeanRegistrar$SpringApplicationAdmin [RMI TCP Connection(3)-127.0.0.1] Application shutdown requested.
2021-06-20 15:04:06,556 INFO org.springframework.orm.jpa.LocalContainerEntityManagerFactoryBean [RMI TCP Connection(3)-127.0.0.1] Closing JPA EntityManagerFactory for persistence unit 'default'
2021-06-20 15:04:06,558 INFO com.zaxxer.hikari.HikariDataSource [RMI TCP Connection(3)-127.0.0.1] HikariPool-1 - Shutdown initiated...
2021-06-20 15:04:06,563 INFO com.zaxxer.hikari.HikariDataSource [RMI TCP Connection(3)-127.0.0.1] HikariPool-1 - Shutdown completed.
2021-06-20 15:04:14,816 INFO org.hibernate.validator.internal.util.Version [background-preinit] HV000001: Hibernate Validator 6.1.6.Final
2021-06-20 15:04:14,827 INFO com.ElectronicPurchaseAppApplication [main] Starting ElectronicPurchaseAppApplication using Java 15.0.2 on DESKTOP-QR1VEP6 with PID 120 (C:\Users\HP\eclipse-workspaceProject\ElectronicPurchaseApp\bin\main started by HP in C:\Users\HP\eclipse-workspaceProject\ElectronicPurchaseApp)
2021-06-20 15:04:14,828 INFO com.ElectronicPurchaseAppApplication [main] No active profile set, falling back to default profiles: default
2021-06-20 15:04:16,708 INFO org.springframework.data.repository.config.RepositoryConfigurationDelegate [main] Bootstrapping Spring Data JPA repositories in DEFAULT mode.
2021-06-20 15:04:17,144 INFO org.springframework.data.repository.config.RepositoryConfigurationDelegate [main] Finished Spring Data repository scanning in 424 ms. Found 5 JPA repository interfaces.
2021-06-20 15:04:17,884 INFO org.springframework.boot.web.embedded.tomcat.TomcatWebServer [main] Tomcat initialized with port(s): 8080 (http)
2021-06-20 15:04:17,895 INFO org.apache.coyote.http11.Http11NioProtocol [main] Initializing ProtocolHandler ["http-nio-8080"]
2021-06-20 15:04:17,896 INFO org.apache.catalina.core.StandardService [main] Starting service [Tomcat]
2021-06-20 15:04:17,897 INFO org.apache.catalina.core.StandardEngine [main] Starting Servlet engine: [Apache Tomcat/9.0.46]
2021-06-20 15:04:18,018 INFO org.apache.catalina.core.ContainerBase.[Tomcat].[localhost].[/] [main] Initializing Spring embedded WebApplicationContext
2021-06-20 15:04:18,018 INFO org.springframework.boot.web.servlet.context.ServletWebServerApplicationContext [main] Root WebApplicationContext: initialization completed in 3129 ms
2021-06-20 15:04:18,201 INFO com.zaxxer.hikari.HikariDataSource [main] HikariPool-1 - Starting...
2021-06-20 15:04:19,193 INFO com.zaxxer.hikari.HikariDataSource [main] HikariPool-1 - Start completed.
2021-06-20 15:04:19,558 INFO org.hibernate.jpa.internal.util.LogHelper [main] HHH000204: Processing PersistenceUnitInfo [name: default]
2021-06-20 15:04:19,624 INFO org.hibernate.Version [main] HHH000412: Hibernate ORM core version 5.4.32.Final
2021-06-20 15:04:19,791 INFO org.hibernate.annotations.common.Version [main] HCANN000001: Hibernate Commons Annotations {5.1.2.Final}
2021-06-20 15:04:19,934 INFO org.hibernate.dialect.Dialect [main] HHH000400: Using dialect: org.hibernate.dialect.PostgreSQL10Dialect
2021-06-20 15:04:21,613 INFO org.hibernate.engine.transaction.jta.platform.internal.JtaPlatformInitiator [main] HHH000490: Using JtaPlatform implementation: [org.hibernate.engine.transaction.jta.platform.internal.NoJtaPlatform]
2021-06-20 15:04:21,623 INFO org.springframework.orm.jpa.LocalContainerEntityManagerFactoryBean [main] Initialized JPA EntityManagerFactory for persistence unit 'default'
2021-06-20 15:04:22,541 WARN org.springframework.boot.autoconfigure.orm.jpa.JpaBaseConfiguration$JpaWebConfiguration [main] spring.jpa.open-in-view is enabled by default. Therefore, database queries may be performed during view rendering. Explicitly configure spring.jpa.open-in-view to disable this warning
2021-06-20 15:04:23,778 INFO org.apache.coyote.http11.Http11NioProtocol [main] Starting ProtocolHandler ["http-nio-8080"]
2021-06-20 15:04:23,805 INFO org.springframework.boot.web.embedded.tomcat.TomcatWebServer [main] Tomcat started on port(s): 8080 (http) with context path ''
2021-06-20 15:04:24,402 INFO com.ElectronicPurchaseAppApplication [main] Started ElectronicPurchaseAppApplication in 9.972 seconds (JVM running for 14.527)
2021-06-20 15:05:02,843 INFO org.apache.catalina.core.ContainerBase.[Tomcat].[localhost].[/] [http-nio-8080-exec-1] Initializing Spring DispatcherServlet 'dispatcherServlet'
2021-06-20 15:05:02,843 INFO org.springframework.web.servlet.DispatcherServlet [http-nio-8080-exec-1] Initializing Servlet 'dispatcherServlet'
2021-06-20 15:05:02,845 INFO org.springframework.web.servlet.DispatcherServlet [http-nio-8080-exec-1] Completed initialization in 2 ms
2021-06-20 15:05:03,033 WARN org.hibernate.engine.jdbc.spi.SqlExceptionHelper [http-nio-8080-exec-1] SQL Error: 0, SQLState: 23505
2021-06-20 15:05:03,033 ERROR org.hibernate.engine.jdbc.spi.SqlExceptionHelper [http-nio-8080-exec-1] ERROR: duplicate key value violates unique constraint "electronic_product_type_pkey"
  Detail: Key (prd_type_id)=(999) already exists.
2021-06-20 15:05:14,014 WARN org.hibernate.engine.jdbc.spi.SqlExceptionHelper [http-nio-8080-exec-2] SQL Error: 0, SQLState: 23505
2021-06-20 15:05:14,014 ERROR org.hibernate.engine.jdbc.spi.SqlExceptionHelper [http-nio-8080-exec-2] ERROR: duplicate key value violates unique constraint "electronic_product_type_pkey"
  Detail: Key (prd_type_id)=(999) already exists.
2021-06-20 15:34:02,510 INFO org.springframework.boot.admin.SpringApplicationAdminMXBeanRegistrar$SpringApplicationAdmin [RMI TCP Connection(33)-127.0.0.1] Application shutdown requested.
2021-06-20 15:34:02,544 INFO org.springframework.orm.jpa.LocalContainerEntityManagerFactoryBean [RMI TCP Connection(33)-127.0.0.1] Closing JPA EntityManagerFactory for persistence unit 'default'
2021-06-20 15:34:02,547 INFO com.zaxxer.hikari.HikariDataSource [RMI TCP Connection(33)-127.0.0.1] HikariPool-1 - Shutdown initiated...
2021-06-20 15:34:02,551 INFO com.zaxxer.hikari.HikariDataSource [RMI TCP Connection(33)-127.0.0.1] HikariPool-1 - Shutdown completed.
2021-06-20 15:34:07,317 INFO org.hibernate.validator.internal.util.Version [background-preinit] HV000001: Hibernate Validator 6.1.6.Final
2021-06-20 15:34:07,331 INFO com.ElectronicPurchaseAppApplication [main] Starting ElectronicPurchaseAppApplication using Java 15.0.2 on DESKTOP-QR1VEP6 with PID 18100 (C:\Users\HP\eclipse-workspaceProject\ElectronicPurchaseApp\bin\main started by HP in C:\Users\HP\eclipse-workspaceProject\ElectronicPurchaseApp)
2021-06-20 15:34:07,332 INFO com.ElectronicPurchaseAppApplication [main] No active profile set, falling back to default profiles: default
2021-06-20 15:34:08,945 INFO org.springframework.data.repository.config.RepositoryConfigurationDelegate [main] Bootstrapping Spring Data JPA repositories in DEFAULT mode.
2021-06-20 15:34:09,406 INFO org.springframework.data.repository.config.RepositoryConfigurationDelegate [main] Finished Spring Data repository scanning in 451 ms. Found 5 JPA repository interfaces.
2021-06-20 15:34:10,131 INFO org.springframework.boot.web.embedded.tomcat.TomcatWebServer [main] Tomcat initialized with port(s): 8080 (http)
2021-06-20 15:34:10,143 INFO org.apache.coyote.http11.Http11NioProtocol [main] Initializing ProtocolHandler ["http-nio-8080"]
2021-06-20 15:34:10,144 INFO org.apache.catalina.core.StandardService [main] Starting service [Tomcat]
2021-06-20 15:34:10,144 INFO org.apache.catalina.core.StandardEngine [main] Starting Servlet engine: [Apache Tomcat/9.0.46]
2021-06-20 15:34:10,274 INFO org.apache.catalina.core.ContainerBase.[Tomcat].[localhost].[/] [main] Initializing Spring embedded WebApplicationContext
2021-06-20 15:34:10,274 INFO org.springframework.boot.web.servlet.context.ServletWebServerApplicationContext [main] Root WebApplicationContext: initialization completed in 2887 ms
2021-06-20 15:34:10,431 INFO com.zaxxer.hikari.HikariDataSource [main] HikariPool-1 - Starting...
2021-06-20 15:34:10,680 INFO com.zaxxer.hikari.HikariDataSource [main] HikariPool-1 - Start completed.
2021-06-20 15:34:11,018 INFO org.hibernate.jpa.internal.util.LogHelper [main] HHH000204: Processing PersistenceUnitInfo [name: default]
2021-06-20 15:34:11,101 INFO org.hibernate.Version [main] HHH000412: Hibernate ORM core version 5.4.32.Final
2021-06-20 15:34:11,246 INFO org.hibernate.annotations.common.Version [main] HCANN000001: Hibernate Commons Annotations {5.1.2.Final}
2021-06-20 15:34:11,382 INFO org.hibernate.dialect.Dialect [main] HHH000400: Using dialect: org.hibernate.dialect.PostgreSQL10Dialect
2021-06-20 15:34:12,908 INFO org.hibernate.engine.transaction.jta.platform.internal.JtaPlatformInitiator [main] HHH000490: Using JtaPlatform implementation: [org.hibernate.engine.transaction.jta.platform.internal.NoJtaPlatform]
2021-06-20 15:34:12,917 INFO org.springframework.orm.jpa.LocalContainerEntityManagerFactoryBean [main] Initialized JPA EntityManagerFactory for persistence unit 'default'
2021-06-20 15:34:13,814 WARN org.springframework.boot.autoconfigure.orm.jpa.JpaBaseConfiguration$JpaWebConfiguration [main] spring.jpa.open-in-view is enabled by default. Therefore, database queries may be performed during view rendering. Explicitly configure spring.jpa.open-in-view to disable this warning
2021-06-20 15:34:14,995 INFO org.apache.coyote.http11.Http11NioProtocol [main] Starting ProtocolHandler ["http-nio-8080"]
2021-06-20 15:34:15,023 INFO org.springframework.boot.web.embedded.tomcat.TomcatWebServer [main] Tomcat started on port(s): 8080 (http) with context path ''
2021-06-20 15:34:15,573 INFO com.ElectronicPurchaseAppApplication [main] Started ElectronicPurchaseAppApplication in 8.606 seconds (JVM running for 9.712)
2021-06-20 15:34:36,980 INFO org.apache.catalina.core.ContainerBase.[Tomcat].[localhost].[/] [http-nio-8080-exec-1] Initializing Spring DispatcherServlet 'dispatcherServlet'
2021-06-20 15:34:36,981 INFO org.springframework.web.servlet.DispatcherServlet [http-nio-8080-exec-1] Initializing Servlet 'dispatcherServlet'
2021-06-20 15:34:36,982 INFO org.springframework.web.servlet.DispatcherServlet [http-nio-8080-exec-1] Completed initialization in 1 ms
2021-06-20 15:41:53,263 INFO org.springframework.boot.admin.SpringApplicationAdminMXBeanRegistrar$SpringApplicationAdmin [RMI TCP Connection(11)-127.0.0.1] Application shutdown requested.
2021-06-20 15:41:53,304 INFO org.springframework.orm.jpa.LocalContainerEntityManagerFactoryBean [RMI TCP Connection(11)-127.0.0.1] Closing JPA EntityManagerFactory for persistence unit 'default'
2021-06-20 15:41:53,306 INFO com.zaxxer.hikari.HikariDataSource [RMI TCP Connection(11)-127.0.0.1] HikariPool-1 - Shutdown initiated...
2021-06-20 15:41:53,310 INFO com.zaxxer.hikari.HikariDataSource [RMI TCP Connection(11)-127.0.0.1] HikariPool-1 - Shutdown completed.
2021-06-20 15:41:58,131 INFO org.hibernate.validator.internal.util.Version [background-preinit] HV000001: Hibernate Validator 6.1.6.Final
2021-06-20 15:41:58,147 INFO com.ElectronicPurchaseAppApplication [main] Starting ElectronicPurchaseAppApplication using Java 15.0.2 on DESKTOP-QR1VEP6 with PID 880 (C:\Users\HP\eclipse-workspaceProject\ElectronicPurchaseApp\bin\main started by HP in C:\Users\HP\eclipse-workspaceProject\ElectronicPurchaseApp)
2021-06-20 15:41:58,148 INFO com.ElectronicPurchaseAppApplication [main] No active profile set, falling back to default profiles: default
2021-06-20 15:41:59,869 INFO org.springframework.data.repository.config.RepositoryConfigurationDelegate [main] Bootstrapping Spring Data JPA repositories in DEFAULT mode.
2021-06-20 15:42:00,297 INFO org.springframework.data.repository.config.RepositoryConfigurationDelegate [main] Finished Spring Data repository scanning in 416 ms. Found 5 JPA repository interfaces.
2021-06-20 15:42:01,073 INFO org.springframework.boot.web.embedded.tomcat.TomcatWebServer [main] Tomcat initialized with port(s): 8080 (http)
2021-06-20 15:42:01,087 INFO org.apache.coyote.http11.Http11NioProtocol [main] Initializing ProtocolHandler ["http-nio-8080"]
2021-06-20 15:42:01,088 INFO org.apache.catalina.core.StandardService [main] Starting service [Tomcat]
2021-06-20 15:42:01,088 INFO org.apache.catalina.core.StandardEngine [main] Starting Servlet engine: [Apache Tomcat/9.0.46]
2021-06-20 15:42:01,209 INFO org.apache.catalina.core.ContainerBase.[Tomcat].[localhost].[/] [main] Initializing Spring embedded WebApplicationContext
2021-06-20 15:42:01,209 INFO org.springframework.boot.web.servlet.context.ServletWebServerApplicationContext [main] Root WebApplicationContext: initialization completed in 3001 ms
2021-06-20 15:42:01,374 INFO com.zaxxer.hikari.HikariDataSource [main] HikariPool-1 - Starting...
2021-06-20 15:42:01,588 INFO com.zaxxer.hikari.HikariDataSource [main] HikariPool-1 - Start completed.
2021-06-20 15:42:01,986 INFO org.hibernate.jpa.internal.util.LogHelper [main] HHH000204: Processing PersistenceUnitInfo [name: default]
2021-06-20 15:42:02,046 INFO org.hibernate.Version [main] HHH000412: Hibernate ORM core version 5.4.32.Final
2021-06-20 15:42:02,230 INFO org.hibernate.annotations.common.Version [main] HCANN000001: Hibernate Commons Annotations {5.1.2.Final}
2021-06-20 15:42:02,429 INFO org.hibernate.dialect.Dialect [main] HHH000400: Using dialect: org.hibernate.dialect.PostgreSQL10Dialect
2021-06-20 15:42:04,059 INFO org.hibernate.engine.transaction.jta.platform.internal.JtaPlatformInitiator [main] HHH000490: Using JtaPlatform implementation: [org.hibernate.engine.transaction.jta.platform.internal.NoJtaPlatform]
2021-06-20 15:42:04,068 INFO org.springframework.orm.jpa.LocalContainerEntityManagerFactoryBean [main] Initialized JPA EntityManagerFactory for persistence unit 'default'
2021-06-20 15:42:05,053 WARN org.springframework.boot.autoconfigure.orm.jpa.JpaBaseConfiguration$JpaWebConfiguration [main] spring.jpa.open-in-view is enabled by default. Therefore, database queries may be performed during view rendering. Explicitly configure spring.jpa.open-in-view to disable this warning
2021-06-20 15:42:06,256 INFO org.apache.coyote.http11.Http11NioProtocol [main] Starting ProtocolHandler ["http-nio-8080"]
2021-06-20 15:42:06,282 INFO org.springframework.boot.web.embedded.tomcat.TomcatWebServer [main] Tomcat started on port(s): 8080 (http) with context path ''
2021-06-20 15:42:06,872 INFO com.ElectronicPurchaseAppApplication [main] Started ElectronicPurchaseAppApplication in 9.118 seconds (JVM running for 10.318)
2021-06-20 15:42:19,971 INFO org.apache.catalina.core.ContainerBase.[Tomcat].[localhost].[/] [http-nio-8080-exec-1] Initializing Spring DispatcherServlet 'dispatcherServlet'
2021-06-20 15:42:19,971 INFO org.springframework.web.servlet.DispatcherServlet [http-nio-8080-exec-1] Initializing Servlet 'dispatcherServlet'
2021-06-20 15:42:19,974 INFO org.springframework.web.servlet.DispatcherServlet [http-nio-8080-exec-1] Completed initialization in 3 ms
2021-06-20 15:44:56,947 INFO org.springframework.boot.admin.SpringApplicationAdminMXBeanRegistrar$SpringApplicationAdmin [RMI TCP Connection(6)-127.0.0.1] Application shutdown requested.
2021-06-20 15:44:56,987 INFO org.springframework.orm.jpa.LocalContainerEntityManagerFactoryBean [RMI TCP Connection(6)-127.0.0.1] Closing JPA EntityManagerFactory for persistence unit 'default'
2021-06-20 15:44:56,991 INFO com.zaxxer.hikari.HikariDataSource [RMI TCP Connection(6)-127.0.0.1] HikariPool-1 - Shutdown initiated...
2021-06-20 15:44:57,002 INFO com.zaxxer.hikari.HikariDataSource [RMI TCP Connection(6)-127.0.0.1] HikariPool-1 - Shutdown completed.
2021-06-20 15:45:02,019 INFO org.hibernate.validator.internal.util.Version [background-preinit] HV000001: Hibernate Validator 6.1.6.Final
2021-06-20 15:45:02,044 INFO com.ElectronicPurchaseAppApplication [main] Starting ElectronicPurchaseAppApplication using Java 15.0.2 on DESKTOP-QR1VEP6 with PID 16908 (C:\Users\HP\eclipse-workspaceProject\ElectronicPurchaseApp\bin\main started by HP in C:\Users\HP\eclipse-workspaceProject\ElectronicPurchaseApp)
2021-06-20 15:45:02,044 INFO com.ElectronicPurchaseAppApplication [main] No active profile set, falling back to default profiles: default
2021-06-20 15:45:03,960 INFO org.springframework.data.repository.config.RepositoryConfigurationDelegate [main] Bootstrapping Spring Data JPA repositories in DEFAULT mode.
2021-06-20 15:45:04,439 INFO org.springframework.data.repository.config.RepositoryConfigurationDelegate [main] Finished Spring Data repository scanning in 467 ms. Found 5 JPA repository interfaces.
2021-06-20 15:45:05,427 INFO org.springframework.boot.web.embedded.tomcat.TomcatWebServer [main] Tomcat initialized with port(s): 8080 (http)
2021-06-20 15:45:05,437 INFO org.apache.coyote.http11.Http11NioProtocol [main] Initializing ProtocolHandler ["http-nio-8080"]
2021-06-20 15:45:05,438 INFO org.apache.catalina.core.StandardService [main] Starting service [Tomcat]
2021-06-20 15:45:05,439 INFO org.apache.catalina.core.StandardEngine [main] Starting Servlet engine: [Apache Tomcat/9.0.46]
2021-06-20 15:45:05,570 INFO org.apache.catalina.core.ContainerBase.[Tomcat].[localhost].[/] [main] Initializing Spring embedded WebApplicationContext
2021-06-20 15:45:05,570 INFO org.springframework.boot.web.servlet.context.ServletWebServerApplicationContext [main] Root WebApplicationContext: initialization completed in 3462 ms
2021-06-20 15:45:05,755 INFO com.zaxxer.hikari.HikariDataSource [main] HikariPool-1 - Starting...
2021-06-20 15:45:06,058 INFO com.zaxxer.hikari.HikariDataSource [main] HikariPool-1 - Start completed.
2021-06-20 15:45:06,420 INFO org.hibernate.jpa.internal.util.LogHelper [main] HHH000204: Processing PersistenceUnitInfo [name: default]
2021-06-20 15:45:06,472 INFO org.hibernate.Version [main] HHH000412: Hibernate ORM core version 5.4.32.Final
2021-06-20 15:45:06,660 INFO org.hibernate.annotations.common.Version [main] HCANN000001: Hibernate Commons Annotations {5.1.2.Final}
2021-06-20 15:45:06,820 INFO org.hibernate.dialect.Dialect [main] HHH000400: Using dialect: org.hibernate.dialect.PostgreSQL10Dialect
2021-06-20 15:45:08,430 INFO org.hibernate.engine.transaction.jta.platform.internal.JtaPlatformInitiator [main] HHH000490: Using JtaPlatform implementation: [org.hibernate.engine.transaction.jta.platform.internal.NoJtaPlatform]
2021-06-20 15:45:08,441 INFO org.springframework.orm.jpa.LocalContainerEntityManagerFactoryBean [main] Initialized JPA EntityManagerFactory for persistence unit 'default'
2021-06-20 15:45:09,382 WARN org.springframework.boot.autoconfigure.orm.jpa.JpaBaseConfiguration$JpaWebConfiguration [main] spring.jpa.open-in-view is enabled by default. Therefore, database queries may be performed during view rendering. Explicitly configure spring.jpa.open-in-view to disable this warning
2021-06-20 15:45:10,544 INFO org.apache.coyote.http11.Http11NioProtocol [main] Starting ProtocolHandler ["http-nio-8080"]
2021-06-20 15:45:10,570 INFO org.springframework.boot.web.embedded.tomcat.TomcatWebServer [main] Tomcat started on port(s): 8080 (http) with context path ''
2021-06-20 15:45:11,126 INFO com.ElectronicPurchaseAppApplication [main] Started ElectronicPurchaseAppApplication in 9.573 seconds (JVM running for 10.822)
2021-06-20 15:45:24,494 INFO org.apache.catalina.core.ContainerBase.[Tomcat].[localhost].[/] [http-nio-8080-exec-1] Initializing Spring DispatcherServlet 'dispatcherServlet'
2021-06-20 15:45:24,494 INFO org.springframework.web.servlet.DispatcherServlet [http-nio-8080-exec-1] Initializing Servlet 'dispatcherServlet'
2021-06-20 15:45:24,496 INFO org.springframework.web.servlet.DispatcherServlet [http-nio-8080-exec-1] Completed initialization in 2 ms
2021-06-20 15:56:30,561 INFO org.springframework.boot.admin.SpringApplicationAdminMXBeanRegistrar$SpringApplicationAdmin [RMI TCP Connection(15)-127.0.0.1] Application shutdown requested.
2021-06-20 15:56:30,602 INFO org.springframework.orm.jpa.LocalContainerEntityManagerFactoryBean [RMI TCP Connection(15)-127.0.0.1] Closing JPA EntityManagerFactory for persistence unit 'default'
2021-06-20 15:56:30,604 INFO com.zaxxer.hikari.HikariDataSource [RMI TCP Connection(15)-127.0.0.1] HikariPool-1 - Shutdown initiated...
2021-06-20 15:56:30,609 INFO com.zaxxer.hikari.HikariDataSource [RMI TCP Connection(15)-127.0.0.1] HikariPool-1 - Shutdown completed.
2021-06-20 15:56:35,606 INFO org.hibernate.validator.internal.util.Version [background-preinit] HV000001: Hibernate Validator 6.1.6.Final
2021-06-20 15:56:35,617 INFO com.ElectronicPurchaseAppApplication [main] Starting ElectronicPurchaseAppApplication using Java 15.0.2 on DESKTOP-QR1VEP6 with PID 16364 (C:\Users\HP\eclipse-workspaceProject\ElectronicPurchaseApp\bin\main started by HP in C:\Users\HP\eclipse-workspaceProject\ElectronicPurchaseApp)
2021-06-20 15:56:35,618 INFO com.ElectronicPurchaseAppApplication [main] No active profile set, falling back to default profiles: default
2021-06-20 15:56:37,273 INFO org.springframework.data.repository.config.RepositoryConfigurationDelegate [main] Bootstrapping Spring Data JPA repositories in DEFAULT mode.
2021-06-20 15:56:37,796 INFO org.springframework.data.repository.config.RepositoryConfigurationDelegate [main] Finished Spring Data repository scanning in 512 ms. Found 5 JPA repository interfaces.
2021-06-20 15:56:38,568 INFO org.springframework.boot.web.embedded.tomcat.TomcatWebServer [main] Tomcat initialized with port(s): 8080 (http)
2021-06-20 15:56:38,581 INFO org.apache.coyote.http11.Http11NioProtocol [main] Initializing ProtocolHandler ["http-nio-8080"]
2021-06-20 15:56:38,582 INFO org.apache.catalina.core.StandardService [main] Starting service [Tomcat]
2021-06-20 15:56:38,583 INFO org.apache.catalina.core.StandardEngine [main] Starting Servlet engine: [Apache Tomcat/9.0.46]
2021-06-20 15:56:38,760 INFO org.apache.catalina.core.ContainerBase.[Tomcat].[localhost].[/] [main] Initializing Spring embedded WebApplicationContext
2021-06-20 15:56:38,761 INFO org.springframework.boot.web.servlet.context.ServletWebServerApplicationContext [main] Root WebApplicationContext: initialization completed in 3071 ms
2021-06-20 15:56:38,923 INFO com.zaxxer.hikari.HikariDataSource [main] HikariPool-1 - Starting...
2021-06-20 15:56:39,182 INFO com.zaxxer.hikari.HikariDataSource [main] HikariPool-1 - Start completed.
2021-06-20 15:56:39,522 INFO org.hibernate.jpa.internal.util.LogHelper [main] HHH000204: Processing PersistenceUnitInfo [name: default]
2021-06-20 15:56:39,598 INFO org.hibernate.Version [main] HHH000412: Hibernate ORM core version 5.4.32.Final
2021-06-20 15:56:39,798 INFO org.hibernate.annotations.common.Version [main] HCANN000001: Hibernate Commons Annotations {5.1.2.Final}
2021-06-20 15:56:39,960 INFO org.hibernate.dialect.Dialect [main] HHH000400: Using dialect: org.hibernate.dialect.PostgreSQL10Dialect
2021-06-20 15:56:41,520 INFO org.hibernate.engine.transaction.jta.platform.internal.JtaPlatformInitiator [main] HHH000490: Using JtaPlatform implementation: [org.hibernate.engine.transaction.jta.platform.internal.NoJtaPlatform]
2021-06-20 15:56:41,530 INFO org.springframework.orm.jpa.LocalContainerEntityManagerFactoryBean [main] Initialized JPA EntityManagerFactory for persistence unit 'default'
2021-06-20 15:56:42,394 WARN org.springframework.boot.autoconfigure.orm.jpa.JpaBaseConfiguration$JpaWebConfiguration [main] spring.jpa.open-in-view is enabled by default. Therefore, database queries may be performed during view rendering. Explicitly configure spring.jpa.open-in-view to disable this warning
2021-06-20 15:56:43,499 INFO org.apache.coyote.http11.Http11NioProtocol [main] Starting ProtocolHandler ["http-nio-8080"]
2021-06-20 15:56:43,549 INFO org.springframework.boot.web.embedded.tomcat.TomcatWebServer [main] Tomcat started on port(s): 8080 (http) with context path ''
2021-06-20 15:56:44,127 INFO com.ElectronicPurchaseAppApplication [main] Started ElectronicPurchaseAppApplication in 8.898 seconds (JVM running for 10.261)
2021-06-20 15:57:04,129 INFO org.apache.catalina.core.ContainerBase.[Tomcat].[localhost].[/] [http-nio-8080-exec-1] Initializing Spring DispatcherServlet 'dispatcherServlet'
2021-06-20 15:57:04,130 INFO org.springframework.web.servlet.DispatcherServlet [http-nio-8080-exec-1] Initializing Servlet 'dispatcherServlet'
2021-06-20 15:57:04,133 INFO org.springframework.web.servlet.DispatcherServlet [http-nio-8080-exec-1] Completed initialization in 3 ms
2021-06-20 16:11:24,325 INFO org.springframework.boot.admin.SpringApplicationAdminMXBeanRegistrar$SpringApplicationAdmin [RMI TCP Connection(18)-127.0.0.1] Application shutdown requested.
2021-06-20 16:11:24,364 INFO org.springframework.orm.jpa.LocalContainerEntityManagerFactoryBean [RMI TCP Connection(18)-127.0.0.1] Closing JPA EntityManagerFactory for persistence unit 'default'
2021-06-20 16:11:24,366 INFO com.zaxxer.hikari.HikariDataSource [RMI TCP Connection(18)-127.0.0.1] HikariPool-1 - Shutdown initiated...
2021-06-20 16:11:24,372 INFO com.zaxxer.hikari.HikariDataSource [RMI TCP Connection(18)-127.0.0.1] HikariPool-1 - Shutdown completed.
2021-06-20 16:11:29,288 INFO org.hibernate.validator.internal.util.Version [background-preinit] HV000001: Hibernate Validator 6.1.6.Final
2021-06-20 16:11:29,315 INFO com.ElectronicPurchaseAppApplication [main] Starting ElectronicPurchaseAppApplication using Java 15.0.2 on DESKTOP-QR1VEP6 with PID 17104 (C:\Users\HP\eclipse-workspaceProject\ElectronicPurchaseApp\bin\main started by HP in C:\Users\HP\eclipse-workspaceProject\ElectronicPurchaseApp)
2021-06-20 16:11:29,316 INFO com.ElectronicPurchaseAppApplication [main] No active profile set, falling back to default profiles: default
2021-06-20 16:11:30,983 INFO org.springframework.data.repository.config.RepositoryConfigurationDelegate [main] Bootstrapping Spring Data JPA repositories in DEFAULT mode.
2021-06-20 16:11:31,573 INFO org.springframework.data.repository.config.RepositoryConfigurationDelegate [main] Finished Spring Data repository scanning in 579 ms. Found 5 JPA repository interfaces.
2021-06-20 16:11:32,488 INFO org.springframework.boot.web.embedded.tomcat.TomcatWebServer [main] Tomcat initialized with port(s): 8080 (http)
2021-06-20 16:11:32,500 INFO org.apache.coyote.http11.Http11NioProtocol [main] Initializing ProtocolHandler ["http-nio-8080"]
2021-06-20 16:11:32,501 INFO org.apache.catalina.core.StandardService [main] Starting service [Tomcat]
2021-06-20 16:11:32,502 INFO org.apache.catalina.core.StandardEngine [main] Starting Servlet engine: [Apache Tomcat/9.0.46]
2021-06-20 16:11:32,652 INFO org.apache.catalina.core.ContainerBase.[Tomcat].[localhost].[/] [main] Initializing Spring embedded WebApplicationContext
2021-06-20 16:11:32,652 INFO org.springframework.boot.web.servlet.context.ServletWebServerApplicationContext [main] Root WebApplicationContext: initialization completed in 3270 ms
2021-06-20 16:11:32,811 INFO com.zaxxer.hikari.HikariDataSource [main] HikariPool-1 - Starting...
2021-06-20 16:11:33,114 INFO com.zaxxer.hikari.HikariDataSource [main] HikariPool-1 - Start completed.
2021-06-20 16:11:33,488 INFO org.hibernate.jpa.internal.util.LogHelper [main] HHH000204: Processing PersistenceUnitInfo [name: default]
2021-06-20 16:11:33,541 INFO org.hibernate.Version [main] HHH000412: Hibernate ORM core version 5.4.32.Final
2021-06-20 16:11:33,686 INFO org.hibernate.annotations.common.Version [main] HCANN000001: Hibernate Commons Annotations {5.1.2.Final}
2021-06-20 16:11:33,842 INFO org.hibernate.dialect.Dialect [main] HHH000400: Using dialect: org.hibernate.dialect.PostgreSQL10Dialect
2021-06-20 16:11:35,495 INFO org.hibernate.engine.transaction.jta.platform.internal.JtaPlatformInitiator [main] HHH000490: Using JtaPlatform implementation: [org.hibernate.engine.transaction.jta.platform.internal.NoJtaPlatform]
2021-06-20 16:11:35,504 INFO org.springframework.orm.jpa.LocalContainerEntityManagerFactoryBean [main] Initialized JPA EntityManagerFactory for persistence unit 'default'
2021-06-20 16:11:36,482 WARN org.springframework.boot.autoconfigure.orm.jpa.JpaBaseConfiguration$JpaWebConfiguration [main] spring.jpa.open-in-view is enabled by default. Therefore, database queries may be performed during view rendering. Explicitly configure spring.jpa.open-in-view to disable this warning
2021-06-20 16:11:37,768 INFO org.apache.coyote.http11.Http11NioProtocol [main] Starting ProtocolHandler ["http-nio-8080"]
2021-06-20 16:11:37,806 INFO org.springframework.boot.web.embedded.tomcat.TomcatWebServer [main] Tomcat started on port(s): 8080 (http) with context path ''
2021-06-20 16:11:38,407 INFO com.ElectronicPurchaseAppApplication [main] Started ElectronicPurchaseAppApplication in 9.591 seconds (JVM running for 10.75)
2021-06-20 16:11:43,511 INFO org.springframework.boot.admin.SpringApplicationAdminMXBeanRegistrar$SpringApplicationAdmin [RMI TCP Connection(2)-127.0.0.1] Application shutdown requested.
2021-06-20 16:11:43,546 INFO org.springframework.orm.jpa.LocalContainerEntityManagerFactoryBean [RMI TCP Connection(2)-127.0.0.1] Closing JPA EntityManagerFactory for persistence unit 'default'
2021-06-20 16:11:43,547 INFO com.zaxxer.hikari.HikariDataSource [RMI TCP Connection(2)-127.0.0.1] HikariPool-1 - Shutdown initiated...
2021-06-20 16:11:43,552 INFO com.zaxxer.hikari.HikariDataSource [RMI TCP Connection(2)-127.0.0.1] HikariPool-1 - Shutdown completed.
2021-06-20 16:11:48,566 INFO org.hibernate.validator.internal.util.Version [background-preinit] HV000001: Hibernate Validator 6.1.6.Final
2021-06-20 16:11:48,583 INFO com.ElectronicPurchaseAppApplication [main] Starting ElectronicPurchaseAppApplication using Java 15.0.2 on DESKTOP-QR1VEP6 with PID 17316 (C:\Users\HP\eclipse-workspaceProject\ElectronicPurchaseApp\bin\main started by HP in C:\Users\HP\eclipse-workspaceProject\ElectronicPurchaseApp)
2021-06-20 16:11:48,583 INFO com.ElectronicPurchaseAppApplication [main] No active profile set, falling back to default profiles: default
2021-06-20 16:11:50,224 INFO org.springframework.data.repository.config.RepositoryConfigurationDelegate [main] Bootstrapping Spring Data JPA repositories in DEFAULT mode.
2021-06-20 16:11:50,641 INFO org.springframework.data.repository.config.RepositoryConfigurationDelegate [main] Finished Spring Data repository scanning in 406 ms. Found 5 JPA repository interfaces.
2021-06-20 16:11:51,366 INFO org.springframework.boot.web.embedded.tomcat.TomcatWebServer [main] Tomcat initialized with port(s): 8080 (http)
2021-06-20 16:11:51,381 INFO org.apache.coyote.http11.Http11NioProtocol [main] Initializing ProtocolHandler ["http-nio-8080"]
2021-06-20 16:11:51,382 INFO org.apache.catalina.core.StandardService [main] Starting service [Tomcat]
2021-06-20 16:11:51,382 INFO org.apache.catalina.core.StandardEngine [main] Starting Servlet engine: [Apache Tomcat/9.0.46]
2021-06-20 16:11:51,511 INFO org.apache.catalina.core.ContainerBase.[Tomcat].[localhost].[/] [main] Initializing Spring embedded WebApplicationContext
2021-06-20 16:11:51,511 INFO org.springframework.boot.web.servlet.context.ServletWebServerApplicationContext [main] Root WebApplicationContext: initialization completed in 2867 ms
2021-06-20 16:11:51,686 INFO com.zaxxer.hikari.HikariDataSource [main] HikariPool-1 - Starting...
2021-06-20 16:11:51,896 INFO com.zaxxer.hikari.HikariDataSource [main] HikariPool-1 - Start completed.
2021-06-20 16:11:52,252 INFO org.hibernate.jpa.internal.util.LogHelper [main] HHH000204: Processing PersistenceUnitInfo [name: default]
2021-06-20 16:11:52,305 INFO org.hibernate.Version [main] HHH000412: Hibernate ORM core version 5.4.32.Final
2021-06-20 16:11:52,454 INFO org.hibernate.annotations.common.Version [main] HCANN000001: Hibernate Commons Annotations {5.1.2.Final}
2021-06-20 16:11:52,605 INFO org.hibernate.dialect.Dialect [main] HHH000400: Using dialect: org.hibernate.dialect.PostgreSQL10Dialect
2021-06-20 16:11:53,705 WARN org.hibernate.engine.jdbc.spi.SqlExceptionHelper [main] SQL Warning Code: 0, SQLState: 00000
2021-06-20 16:11:53,706 WARN org.hibernate.engine.jdbc.spi.SqlExceptionHelper [main] drop cascades to constraint fkfbys6yxrm5etye18xtcskj8wi on table electronic_product_order
2021-06-20 16:11:54,593 INFO org.hibernate.engine.transaction.jta.platform.internal.JtaPlatformInitiator [main] HHH000490: Using JtaPlatform implementation: [org.hibernate.engine.transaction.jta.platform.internal.NoJtaPlatform]
2021-06-20 16:11:54,605 INFO org.springframework.orm.jpa.LocalContainerEntityManagerFactoryBean [main] Initialized JPA EntityManagerFactory for persistence unit 'default'
2021-06-20 16:11:55,535 WARN org.springframework.boot.autoconfigure.orm.jpa.JpaBaseConfiguration$JpaWebConfiguration [main] spring.jpa.open-in-view is enabled by default. Therefore, database queries may be performed during view rendering. Explicitly configure spring.jpa.open-in-view to disable this warning
2021-06-20 16:11:56,692 INFO org.apache.coyote.http11.Http11NioProtocol [main] Starting ProtocolHandler ["http-nio-8080"]
2021-06-20 16:11:56,743 INFO org.springframework.boot.web.embedded.tomcat.TomcatWebServer [main] Tomcat started on port(s): 8080 (http) with context path ''
2021-06-20 16:11:57,292 INFO com.ElectronicPurchaseAppApplication [main] Started ElectronicPurchaseAppApplication in 9.088 seconds (JVM running for 10.43)
2021-06-20 16:13:23,505 INFO org.apache.catalina.core.ContainerBase.[Tomcat].[localhost].[/] [http-nio-8080-exec-1] Initializing Spring DispatcherServlet 'dispatcherServlet'
2021-06-20 16:13:23,505 INFO org.springframework.web.servlet.DispatcherServlet [http-nio-8080-exec-1] Initializing Servlet 'dispatcherServlet'
2021-06-20 16:13:23,507 INFO org.springframework.web.servlet.DispatcherServlet [http-nio-8080-exec-1] Completed initialization in 2 ms
2021-06-20 16:15:14,082 INFO org.springframework.boot.test.context.SpringBootTestContextBootstrapper [main] Neither @ContextConfiguration nor @ContextHierarchy found for test class [com.ElectronicProductOrderTest], using SpringBootContextLoader
2021-06-20 16:15:14,096 INFO org.springframework.test.context.support.AbstractContextLoader [main] Could not detect default resource locations for test class [com.ElectronicProductOrderTest]: no resource found for suffixes {-context.xml, Context.groovy}.
2021-06-20 16:15:14,098 INFO org.springframework.test.context.support.AnnotationConfigContextLoaderUtils [main] Could not detect default configuration classes for test class [com.ElectronicProductOrderTest]: ElectronicProductOrderTest does not declare any static, non-private, non-final, nested classes annotated with @Configuration.
2021-06-20 16:15:14,494 INFO org.springframework.boot.test.context.SpringBootTestContextBootstrapper [main] Found @SpringBootConfiguration com.ElectronicPurchaseAppApplication for test class com.ElectronicProductOrderTest
2021-06-20 16:15:14,747 INFO org.springframework.boot.test.context.SpringBootTestContextBootstrapper [main] Loaded default TestExecutionListener class names from location [META-INF/spring.factories]: [org.springframework.boot.test.autoconfigure.restdocs.RestDocsTestExecutionListener, org.springframework.boot.test.autoconfigure.web.client.MockRestServiceServerResetTestExecutionListener, org.springframework.boot.test.autoconfigure.web.servlet.MockMvcPrintOnlyOnFailureTestExecutionListener, org.springframework.boot.test.autoconfigure.web.servlet.WebDriverTestExecutionListener, org.springframework.boot.test.autoconfigure.webservices.client.MockWebServiceServerTestExecutionListener, org.springframework.boot.test.mock.mockito.MockitoTestExecutionListener, org.springframework.boot.test.mock.mockito.ResetMocksTestExecutionListener, org.springframework.test.context.web.ServletTestExecutionListener, org.springframework.test.context.support.DirtiesContextBeforeModesTestExecutionListener, org.springframework.test.context.event.ApplicationEventsTestExecutionListener, org.springframework.test.context.support.DependencyInjectionTestExecutionListener, org.springframework.test.context.support.DirtiesContextTestExecutionListener, org.springframework.test.context.transaction.TransactionalTestExecutionListener, org.springframework.test.context.jdbc.SqlScriptsTestExecutionListener, org.springframework.test.context.event.EventPublishingTestExecutionListener]
2021-06-20 16:15:14,785 INFO org.springframework.boot.test.context.SpringBootTestContextBootstrapper [main] Using TestExecutionListeners: [org.springframework.test.context.web.ServletTestExecutionListener@74cadd41, org.springframework.test.context.support.DirtiesContextBeforeModesTestExecutionListener@2e54db99, org.springframework.test.context.event.ApplicationEventsTestExecutionListener@55e8ec2f, org.springframework.boot.test.mock.mockito.MockitoTestExecutionListener@4f2613d1, org.springframework.boot.test.autoconfigure.SpringBootDependencyInjectionTestExecutionListener@6d24ffa1, org.springframework.test.context.support.DirtiesContextTestExecutionListener@65a4798f, org.springframework.test.context.transaction.TransactionalTestExecutionListener@773f7880, org.springframework.test.context.jdbc.SqlScriptsTestExecutionListener@878452d, org.springframework.test.context.event.EventPublishingTestExecutionListener@426b6a74, org.springframework.boot.test.autoconfigure.restdocs.RestDocsTestExecutionListener@4c51bb7, org.springframework.boot.test.autoconfigure.web.client.MockRestServiceServerResetTestExecutionListener@83298d7, org.springframework.boot.test.autoconfigure.web.servlet.MockMvcPrintOnlyOnFailureTestExecutionListener@42a9e5d1, org.springframework.boot.test.autoconfigure.web.servlet.WebDriverTestExecutionListener@5b080f3a, org.springframework.boot.test.autoconfigure.webservices.client.MockWebServiceServerTestExecutionListener@773cbf4f, org.springframework.boot.test.mock.mockito.ResetMocksTestExecutionListener@6b54655f]
2021-06-20 16:15:15,373 INFO com.ElectronicProductOrderTest [main] Starting ElectronicProductOrderTest using Java 15.0.2 on DESKTOP-QR1VEP6 with PID 9184 (started by HP in C:\Users\HP\eclipse-workspaceProject\ElectronicPurchaseApp)
2021-06-20 16:15:15,379 INFO com.ElectronicProductOrderTest [main] No active profile set, falling back to default profiles: default
2021-06-20 16:15:15,405 INFO org.hibernate.validator.internal.util.Version [background-preinit] HV000001: Hibernate Validator 6.1.6.Final
2021-06-20 16:15:18,995 INFO org.springframework.data.repository.config.RepositoryConfigurationDelegate [main] Bootstrapping Spring Data JPA repositories in DEFAULT mode.
2021-06-20 16:15:19,750 INFO org.springframework.data.repository.config.RepositoryConfigurationDelegate [main] Finished Spring Data repository scanning in 737 ms. Found 5 JPA repository interfaces.
2021-06-20 16:15:22,245 INFO com.zaxxer.hikari.HikariDataSource [main] HikariPool-1 - Starting...
2021-06-20 16:15:22,795 INFO com.zaxxer.hikari.HikariDataSource [main] HikariPool-1 - Start completed.
2021-06-20 16:15:23,485 INFO org.hibernate.jpa.internal.util.LogHelper [main] HHH000204: Processing PersistenceUnitInfo [name: default]
2021-06-20 16:15:23,586 INFO org.hibernate.Version [main] HHH000412: Hibernate ORM core version 5.4.32.Final
2021-06-20 16:15:23,683 INFO org.hibernate.annotations.common.Version [main] HCANN000001: Hibernate Commons Annotations {5.1.2.Final}
2021-06-20 16:15:23,930 INFO org.hibernate.dialect.Dialect [main] HHH000400: Using dialect: org.hibernate.dialect.PostgreSQL10Dialect
2021-06-20 16:15:26,227 INFO org.hibernate.engine.transaction.jta.platform.internal.JtaPlatformInitiator [main] HHH000490: Using JtaPlatform implementation: [org.hibernate.engine.transaction.jta.platform.internal.NoJtaPlatform]
2021-06-20 16:15:26,242 INFO org.springframework.orm.jpa.LocalContainerEntityManagerFactoryBean [main] Initialized JPA EntityManagerFactory for persistence unit 'default'
2021-06-20 16:15:28,043 WARN org.springframework.boot.autoconfigure.orm.jpa.JpaBaseConfiguration$JpaWebConfiguration [main] spring.jpa.open-in-view is enabled by default. Therefore, database queries may be performed during view rendering. Explicitly configure spring.jpa.open-in-view to disable this warning
2021-06-20 16:15:32,405 INFO com.ElectronicProductOrderTest [main] Started ElectronicProductOrderTest in 17.487 seconds (JVM running for 22.289)
2021-06-20 16:15:32,970 INFO org.springframework.orm.jpa.LocalContainerEntityManagerFactoryBean [SpringApplicationShutdownHook] Closing JPA EntityManagerFactory for persistence unit 'default'
2021-06-20 16:15:32,974 INFO com.zaxxer.hikari.HikariDataSource [SpringApplicationShutdownHook] HikariPool-1 - Shutdown initiated...
2021-06-20 16:15:32,983 INFO com.zaxxer.hikari.HikariDataSource [SpringApplicationShutdownHook] HikariPool-1 - Shutdown completed.
2021-06-20 16:17:43,110 INFO org.springframework.boot.test.context.SpringBootTestContextBootstrapper [main] Neither @ContextConfiguration nor @ContextHierarchy found for test class [com.CustomerTest], using SpringBootContextLoader
2021-06-20 16:17:43,140 INFO org.springframework.test.context.support.AbstractContextLoader [main] Could not detect default resource locations for test class [com.CustomerTest]: no resource found for suffixes {-context.xml, Context.groovy}.
2021-06-20 16:17:43,143 INFO org.springframework.test.context.support.AnnotationConfigContextLoaderUtils [main] Could not detect default configuration classes for test class [com.CustomerTest]: CustomerTest does not declare any static, non-private, non-final, nested classes annotated with @Configuration.
2021-06-20 16:17:43,498 INFO org.springframework.boot.test.context.SpringBootTestContextBootstrapper [main] Found @SpringBootConfiguration com.ElectronicPurchaseAppApplication for test class com.CustomerTest
2021-06-20 16:17:43,829 INFO org.springframework.boot.test.context.SpringBootTestContextBootstrapper [main] Loaded default TestExecutionListener class names from location [META-INF/spring.factories]: [org.springframework.boot.test.autoconfigure.restdocs.RestDocsTestExecutionListener, org.springframework.boot.test.autoconfigure.web.client.MockRestServiceServerResetTestExecutionListener, org.springframework.boot.test.autoconfigure.web.servlet.MockMvcPrintOnlyOnFailureTestExecutionListener, org.springframework.boot.test.autoconfigure.web.servlet.WebDriverTestExecutionListener, org.springframework.boot.test.autoconfigure.webservices.client.MockWebServiceServerTestExecutionListener, org.springframework.boot.test.mock.mockito.MockitoTestExecutionListener, org.springframework.boot.test.mock.mockito.ResetMocksTestExecutionListener, org.springframework.test.context.web.ServletTestExecutionListener, org.springframework.test.context.support.DirtiesContextBeforeModesTestExecutionListener, org.springframework.test.context.event.ApplicationEventsTestExecutionListener, org.springframework.test.context.support.DependencyInjectionTestExecutionListener, org.springframework.test.context.support.DirtiesContextTestExecutionListener, org.springframework.test.context.transaction.TransactionalTestExecutionListener, org.springframework.test.context.jdbc.SqlScriptsTestExecutionListener, org.springframework.test.context.event.EventPublishingTestExecutionListener]
2021-06-20 16:17:43,899 INFO org.springframework.boot.test.context.SpringBootTestContextBootstrapper [main] Using TestExecutionListeners: [org.springframework.test.context.web.ServletTestExecutionListener@7c7d3c46, org.springframework.test.context.support.DirtiesContextBeforeModesTestExecutionListener@24fb6a80, org.springframework.test.context.event.ApplicationEventsTestExecutionListener@48c35007, org.springframework.boot.test.mock.mockito.MockitoTestExecutionListener@72a85671, org.springframework.boot.test.autoconfigure.SpringBootDependencyInjectionTestExecutionListener@6722db6e, org.springframework.test.context.support.DirtiesContextTestExecutionListener@18f20260, org.springframework.test.context.transaction.TransactionalTestExecutionListener@4ae33a11, org.springframework.test.context.jdbc.SqlScriptsTestExecutionListener@7a48e6e2, org.springframework.test.context.event.EventPublishingTestExecutionListener@b40bb6e, org.springframework.boot.test.autoconfigure.restdocs.RestDocsTestExecutionListener@3a94964, org.springframework.boot.test.autoconfigure.web.client.MockRestServiceServerResetTestExecutionListener@5049d8b2, org.springframework.boot.test.autoconfigure.web.servlet.MockMvcPrintOnlyOnFailureTestExecutionListener@6d0b5baf, org.springframework.boot.test.autoconfigure.web.servlet.WebDriverTestExecutionListener@631e06ab, org.springframework.boot.test.autoconfigure.webservices.client.MockWebServiceServerTestExecutionListener@2a3591c5, org.springframework.boot.test.mock.mockito.ResetMocksTestExecutionListener@34a75079]
2021-06-20 16:17:44,577 INFO com.CustomerTest [main] Starting CustomerTest using Java 15.0.2 on DESKTOP-QR1VEP6 with PID 16620 (started by HP in C:\Users\HP\eclipse-workspaceProject\ElectronicPurchaseApp)
2021-06-20 16:17:44,581 INFO com.CustomerTest [main] No active profile set, falling back to default profiles: default
2021-06-20 16:17:44,597 INFO org.hibernate.validator.internal.util.Version [background-preinit] HV000001: Hibernate Validator 6.1.6.Final
2021-06-20 16:17:47,698 INFO org.springframework.data.repository.config.RepositoryConfigurationDelegate [main] Bootstrapping Spring Data JPA repositories in DEFAULT mode.
2021-06-20 16:17:48,324 INFO org.springframework.data.repository.config.RepositoryConfigurationDelegate [main] Finished Spring Data repository scanning in 605 ms. Found 5 JPA repository interfaces.
2021-06-20 16:17:50,722 INFO com.zaxxer.hikari.HikariDataSource [main] HikariPool-1 - Starting...
2021-06-20 16:17:51,316 INFO com.zaxxer.hikari.HikariDataSource [main] HikariPool-1 - Start completed.
2021-06-20 16:17:52,153 INFO org.hibernate.jpa.internal.util.LogHelper [main] HHH000204: Processing PersistenceUnitInfo [name: default]
2021-06-20 16:17:52,232 INFO org.hibernate.Version [main] HHH000412: Hibernate ORM core version 5.4.32.Final
2021-06-20 16:17:52,311 INFO org.hibernate.annotations.common.Version [main] HCANN000001: Hibernate Commons Annotations {5.1.2.Final}
2021-06-20 16:17:52,576 INFO org.hibernate.dialect.Dialect [main] HHH000400: Using dialect: org.hibernate.dialect.PostgreSQL10Dialect
2021-06-20 16:17:55,393 INFO org.hibernate.engine.transaction.jta.platform.internal.JtaPlatformInitiator [main] HHH000490: Using JtaPlatform implementation: [org.hibernate.engine.transaction.jta.platform.internal.NoJtaPlatform]
2021-06-20 16:17:55,405 INFO org.springframework.orm.jpa.LocalContainerEntityManagerFactoryBean [main] Initialized JPA EntityManagerFactory for persistence unit 'default'
2021-06-20 16:17:57,376 WARN org.springframework.boot.autoconfigure.orm.jpa.JpaBaseConfiguration$JpaWebConfiguration [main] spring.jpa.open-in-view is enabled by default. Therefore, database queries may be performed during view rendering. Explicitly configure spring.jpa.open-in-view to disable this warning
2021-06-20 16:18:01,876 INFO com.CustomerTest [main] Started CustomerTest in 17.863 seconds (JVM running for 20.512)
2021-06-20 16:18:02,496 INFO org.springframework.orm.jpa.LocalContainerEntityManagerFactoryBean [SpringApplicationShutdownHook] Closing JPA EntityManagerFactory for persistence unit 'default'
2021-06-20 16:18:02,502 INFO com.zaxxer.hikari.HikariDataSource [SpringApplicationShutdownHook] HikariPool-1 - Shutdown initiated...
2021-06-20 16:18:02,517 INFO com.zaxxer.hikari.HikariDataSource [SpringApplicationShutdownHook] HikariPool-1 - Shutdown completed.
2021-06-20 18:07:05,989 INFO org.springframework.boot.admin.SpringApplicationAdminMXBeanRegistrar$SpringApplicationAdmin [RMI TCP Connection(118)-127.0.0.1] Application shutdown requested.
2021-06-20 18:07:06,227 INFO org.springframework.orm.jpa.LocalContainerEntityManagerFactoryBean [RMI TCP Connection(118)-127.0.0.1] Closing JPA EntityManagerFactory for persistence unit 'default'
2021-06-20 18:07:06,253 INFO com.zaxxer.hikari.HikariDataSource [RMI TCP Connection(118)-127.0.0.1] HikariPool-1 - Shutdown initiated...
2021-06-20 18:07:06,265 INFO com.zaxxer.hikari.HikariDataSource [RMI TCP Connection(118)-127.0.0.1] HikariPool-1 - Shutdown completed.
2021-06-20 20:29:34,979 INFO org.springframework.boot.test.context.SpringBootTestContextBootstrapper [main] Neither @ContextConfiguration nor @ContextHierarchy found for test class [com.CustomerTest], using SpringBootContextLoader
2021-06-20 20:29:35,093 INFO org.springframework.test.context.support.AbstractContextLoader [main] Could not detect default resource locations for test class [com.CustomerTest]: no resource found for suffixes {-context.xml, Context.groovy}.
2021-06-20 20:29:35,097 INFO org.springframework.test.context.support.AnnotationConfigContextLoaderUtils [main] Could not detect default configuration classes for test class [com.CustomerTest]: CustomerTest does not declare any static, non-private, non-final, nested classes annotated with @Configuration.
2021-06-20 20:29:36,341 INFO org.springframework.boot.test.context.SpringBootTestContextBootstrapper [main] Found @SpringBootConfiguration com.ElectronicPurchaseAppApplication for test class com.CustomerTest
2021-06-20 20:29:36,826 INFO org.springframework.boot.test.context.SpringBootTestContextBootstrapper [main] Loaded default TestExecutionListener class names from location [META-INF/spring.factories]: [org.springframework.boot.test.autoconfigure.restdocs.RestDocsTestExecutionListener, org.springframework.boot.test.autoconfigure.web.client.MockRestServiceServerResetTestExecutionListener, org.springframework.boot.test.autoconfigure.web.servlet.MockMvcPrintOnlyOnFailureTestExecutionListener, org.springframework.boot.test.autoconfigure.web.servlet.WebDriverTestExecutionListener, org.springframework.boot.test.autoconfigure.webservices.client.MockWebServiceServerTestExecutionListener, org.springframework.boot.test.mock.mockito.MockitoTestExecutionListener, org.springframework.boot.test.mock.mockito.ResetMocksTestExecutionListener, org.springframework.test.context.web.ServletTestExecutionListener, org.springframework.test.context.support.DirtiesContextBeforeModesTestExecutionListener, org.springframework.test.context.event.ApplicationEventsTestExecutionListener, org.springframework.test.context.support.DependencyInjectionTestExecutionListener, org.springframework.test.context.support.DirtiesContextTestExecutionListener, org.springframework.test.context.transaction.TransactionalTestExecutionListener, org.springframework.test.context.jdbc.SqlScriptsTestExecutionListener, org.springframework.test.context.event.EventPublishingTestExecutionListener]
2021-06-20 20:29:36,890 INFO org.springframework.boot.test.context.SpringBootTestContextBootstrapper [main] Using TestExecutionListeners: [org.springframework.test.context.web.ServletTestExecutionListener@5cc126dc, org.springframework.test.context.support.DirtiesContextBeforeModesTestExecutionListener@625e134e, org.springframework.test.context.event.ApplicationEventsTestExecutionListener@72bd06ca, org.springframework.boot.test.mock.mockito.MockitoTestExecutionListener@89c10b7, org.springframework.boot.test.autoconfigure.SpringBootDependencyInjectionTestExecutionListener@5dbe30be, org.springframework.test.context.support.DirtiesContextTestExecutionListener@4fe89c24, org.springframework.test.context.transaction.TransactionalTestExecutionListener@55795845, org.springframework.test.context.jdbc.SqlScriptsTestExecutionListener@3d08f3f5, org.springframework.test.context.event.EventPublishingTestExecutionListener@119f1f2a, org.springframework.boot.test.autoconfigure.restdocs.RestDocsTestExecutionListener@1a1da881, org.springframework.boot.test.autoconfigure.web.client.MockRestServiceServerResetTestExecutionListener@5b970f7, org.springframework.boot.test.autoconfigure.web.servlet.MockMvcPrintOnlyOnFailureTestExecutionListener@7fd4acee, org.springframework.boot.test.autoconfigure.web.servlet.WebDriverTestExecutionListener@165b8a71, org.springframework.boot.test.autoconfigure.webservices.client.MockWebServiceServerTestExecutionListener@6175619b, org.springframework.boot.test.mock.mockito.ResetMocksTestExecutionListener@2f058b8a]
2021-06-20 20:29:37,756 INFO com.CustomerTest [main] Starting CustomerTest using Java 15.0.2 on DESKTOP-QR1VEP6 with PID 15948 (started by HP in C:\Users\HP\eclipse-workspaceProject\ElectronicPurchaseApp)
2021-06-20 20:29:37,759 INFO com.CustomerTest [main] No active profile set, falling back to default profiles: default
2021-06-20 20:29:37,755 INFO org.hibernate.validator.internal.util.Version [background-preinit] HV000001: Hibernate Validator 6.1.6.Final
2021-06-20 20:29:40,783 INFO org.springframework.data.repository.config.RepositoryConfigurationDelegate [main] Bootstrapping Spring Data JPA repositories in DEFAULT mode.
2021-06-20 20:29:41,471 INFO org.springframework.data.repository.config.RepositoryConfigurationDelegate [main] Finished Spring Data repository scanning in 668 ms. Found 5 JPA repository interfaces.
2021-06-20 20:29:44,040 INFO com.zaxxer.hikari.HikariDataSource [main] HikariPool-1 - Starting...
2021-06-20 20:29:44,537 INFO com.zaxxer.hikari.HikariDataSource [main] HikariPool-1 - Start completed.
2021-06-20 20:29:45,262 INFO org.hibernate.jpa.internal.util.LogHelper [main] HHH000204: Processing PersistenceUnitInfo [name: default]
2021-06-20 20:29:45,365 INFO org.hibernate.Version [main] HHH000412: Hibernate ORM core version 5.4.32.Final
2021-06-20 20:29:45,434 INFO org.hibernate.annotations.common.Version [main] HCANN000001: Hibernate Commons Annotations {5.1.2.Final}
2021-06-20 20:29:45,703 INFO org.hibernate.dialect.Dialect [main] HHH000400: Using dialect: org.hibernate.dialect.PostgreSQL10Dialect
2021-06-20 20:29:47,213 WARN org.hibernate.engine.jdbc.spi.SqlExceptionHelper [main] SQL Warning Code: 0, SQLState: 00000
2021-06-20 20:29:47,214 WARN org.hibernate.engine.jdbc.spi.SqlExceptionHelper [main] constraint "fk4e4ulytbsd5mcadxdjhv3jvxs" of relation "customer" does not exist, skipping
2021-06-20 20:29:47,273 WARN org.hibernate.engine.jdbc.spi.SqlExceptionHelper [main] SQL Warning Code: 0, SQLState: 00000
2021-06-20 20:29:47,273 WARN org.hibernate.engine.jdbc.spi.SqlExceptionHelper [main] drop cascades to constraint fke1jyyrhdq9tgr1fv6q9s0st69 on table customer
2021-06-20 20:29:48,084 INFO org.hibernate.engine.transaction.jta.platform.internal.JtaPlatformInitiator [main] HHH000490: Using JtaPlatform implementation: [org.hibernate.engine.transaction.jta.platform.internal.NoJtaPlatform]
2021-06-20 20:29:48,096 INFO org.springframework.orm.jpa.LocalContainerEntityManagerFactoryBean [main] Initialized JPA EntityManagerFactory for persistence unit 'default'
2021-06-20 20:29:49,673 WARN org.springframework.boot.autoconfigure.orm.jpa.JpaBaseConfiguration$JpaWebConfiguration [main] spring.jpa.open-in-view is enabled by default. Therefore, database queries may be performed during view rendering. Explicitly configure spring.jpa.open-in-view to disable this warning
2021-06-20 20:29:54,685 INFO com.CustomerTest [main] Started CustomerTest in 17.625 seconds (JVM running for 22.739)
2021-06-20 20:29:55,420 INFO org.springframework.orm.jpa.LocalContainerEntityManagerFactoryBean [SpringApplicationShutdownHook] Closing JPA EntityManagerFactory for persistence unit 'default'
2021-06-20 20:29:55,427 INFO com.zaxxer.hikari.HikariDataSource [SpringApplicationShutdownHook] HikariPool-1 - Shutdown initiated...
2021-06-20 20:29:55,473 INFO com.zaxxer.hikari.HikariDataSource [SpringApplicationShutdownHook] HikariPool-1 - Shutdown completed.
2021-06-20 20:34:10,504 INFO org.hibernate.validator.internal.util.Version [background-preinit] HV000001: Hibernate Validator 6.1.6.Final
2021-06-20 20:34:10,554 INFO com.ElectronicPurchaseAppApplication [main] Starting ElectronicPurchaseAppApplication using Java 15.0.2 on DESKTOP-QR1VEP6 with PID 12264 (C:\Users\HP\eclipse-workspaceProject\ElectronicPurchaseApp\bin\main started by HP in C:\Users\HP\eclipse-workspaceProject\ElectronicPurchaseApp)
2021-06-20 20:34:10,558 INFO com.ElectronicPurchaseAppApplication [main] No active profile set, falling back to default profiles: default
2021-06-20 20:34:12,565 INFO org.springframework.data.repository.config.RepositoryConfigurationDelegate [main] Bootstrapping Spring Data JPA repositories in DEFAULT mode.
2021-06-20 20:34:13,025 INFO org.springframework.data.repository.config.RepositoryConfigurationDelegate [main] Finished Spring Data repository scanning in 448 ms. Found 5 JPA repository interfaces.
2021-06-20 20:34:13,749 INFO org.springframework.boot.web.embedded.tomcat.TomcatWebServer [main] Tomcat initialized with port(s): 8080 (http)
2021-06-20 20:34:13,762 INFO org.apache.coyote.http11.Http11NioProtocol [main] Initializing ProtocolHandler ["http-nio-8080"]
2021-06-20 20:34:13,763 INFO org.apache.catalina.core.StandardService [main] Starting service [Tomcat]
2021-06-20 20:34:13,764 INFO org.apache.catalina.core.StandardEngine [main] Starting Servlet engine: [Apache Tomcat/9.0.46]
2021-06-20 20:34:13,889 INFO org.apache.catalina.core.ContainerBase.[Tomcat].[localhost].[/] [main] Initializing Spring embedded WebApplicationContext
2021-06-20 20:34:13,889 INFO org.springframework.boot.web.servlet.context.ServletWebServerApplicationContext [main] Root WebApplicationContext: initialization completed in 3205 ms
2021-06-20 20:34:14,060 INFO com.zaxxer.hikari.HikariDataSource [main] HikariPool-1 - Starting...
2021-06-20 20:34:14,269 INFO com.zaxxer.hikari.HikariDataSource [main] HikariPool-1 - Start completed.
2021-06-20 20:34:14,712 INFO org.hibernate.jpa.internal.util.LogHelper [main] HHH000204: Processing PersistenceUnitInfo [name: default]
2021-06-20 20:34:14,779 INFO org.hibernate.Version [main] HHH000412: Hibernate ORM core version 5.4.32.Final
2021-06-20 20:34:14,952 INFO org.hibernate.annotations.common.Version [main] HCANN000001: Hibernate Commons Annotations {5.1.2.Final}
2021-06-20 20:34:15,092 INFO org.hibernate.dialect.Dialect [main] HHH000400: Using dialect: org.hibernate.dialect.PostgreSQL10Dialect
2021-06-20 20:34:16,902 INFO org.hibernate.engine.transaction.jta.platform.internal.JtaPlatformInitiator [main] HHH000490: Using JtaPlatform implementation: [org.hibernate.engine.transaction.jta.platform.internal.NoJtaPlatform]
2021-06-20 20:34:16,911 INFO org.springframework.orm.jpa.LocalContainerEntityManagerFactoryBean [main] Initialized JPA EntityManagerFactory for persistence unit 'default'
2021-06-20 20:34:17,802 WARN org.springframework.boot.autoconfigure.orm.jpa.JpaBaseConfiguration$JpaWebConfiguration [main] spring.jpa.open-in-view is enabled by default. Therefore, database queries may be performed during view rendering. Explicitly configure spring.jpa.open-in-view to disable this warning
2021-06-20 20:34:18,995 INFO org.apache.coyote.http11.Http11NioProtocol [main] Starting ProtocolHandler ["http-nio-8080"]
2021-06-20 20:34:19,024 INFO org.springframework.boot.web.embedded.tomcat.TomcatWebServer [main] Tomcat started on port(s): 8080 (http) with context path ''
2021-06-20 20:34:19,597 INFO com.ElectronicPurchaseAppApplication [main] Started ElectronicPurchaseAppApplication in 9.547 seconds (JVM running for 11.369)
2021-06-20 20:40:38,338 INFO org.apache.catalina.core.ContainerBase.[Tomcat].[localhost].[/] [http-nio-8080-exec-1] Initializing Spring DispatcherServlet 'dispatcherServlet'
2021-06-20 20:40:38,338 INFO org.springframework.web.servlet.DispatcherServlet [http-nio-8080-exec-1] Initializing Servlet 'dispatcherServlet'
2021-06-20 20:40:38,341 INFO org.springframework.web.servlet.DispatcherServlet [http-nio-8080-exec-1] Completed initialization in 3 ms
2021-06-20 21:16:35,656 INFO org.hibernate.validator.internal.util.Version [background-preinit] HV000001: Hibernate Validator 6.1.6.Final
2021-06-20 21:16:35,669 INFO com.ElectronicPurchaseAppApplication [main] Starting ElectronicPurchaseAppApplication using Java 15.0.2 on DESKTOP-QR1VEP6 with PID 13352 (C:\Users\HP\eclipse-workspaceProject\ElectronicPurchaseApp\bin\main started by HP in C:\Users\HP\eclipse-workspaceProject\ElectronicPurchaseApp)
2021-06-20 21:16:35,670 INFO com.ElectronicPurchaseAppApplication [main] No active profile set, falling back to default profiles: default
2021-06-20 21:16:37,390 INFO org.springframework.data.repository.config.RepositoryConfigurationDelegate [main] Bootstrapping Spring Data JPA repositories in DEFAULT mode.
2021-06-20 21:16:37,849 INFO org.springframework.data.repository.config.RepositoryConfigurationDelegate [main] Finished Spring Data repository scanning in 447 ms. Found 5 JPA repository interfaces.
2021-06-20 21:16:38,577 INFO org.springframework.boot.web.embedded.tomcat.TomcatWebServer [main] Tomcat initialized with port(s): 8080 (http)
2021-06-20 21:16:38,590 INFO org.apache.coyote.http11.Http11NioProtocol [main] Initializing ProtocolHandler ["http-nio-8080"]
2021-06-20 21:16:38,591 INFO org.apache.catalina.core.StandardService [main] Starting service [Tomcat]
2021-06-20 21:16:38,591 INFO org.apache.catalina.core.StandardEngine [main] Starting Servlet engine: [Apache Tomcat/9.0.46]
2021-06-20 21:16:38,730 INFO org.apache.catalina.core.ContainerBase.[Tomcat].[localhost].[/] [main] Initializing Spring embedded WebApplicationContext
2021-06-20 21:16:38,730 INFO org.springframework.boot.web.servlet.context.ServletWebServerApplicationContext [main] Root WebApplicationContext: initialization completed in 2995 ms
2021-06-20 21:16:38,898 INFO com.zaxxer.hikari.HikariDataSource [main] HikariPool-1 - Starting...
2021-06-20 21:16:39,110 INFO com.zaxxer.hikari.HikariDataSource [main] HikariPool-1 - Start completed.
2021-06-20 21:16:39,478 INFO org.hibernate.jpa.internal.util.LogHelper [main] HHH000204: Processing PersistenceUnitInfo [name: default]
2021-06-20 21:16:39,535 INFO org.hibernate.Version [main] HHH000412: Hibernate ORM core version 5.4.32.Final
2021-06-20 21:16:39,676 INFO org.hibernate.annotations.common.Version [main] HCANN000001: Hibernate Commons Annotations {5.1.2.Final}
2021-06-20 21:16:39,843 INFO org.hibernate.dialect.Dialect [main] HHH000400: Using dialect: org.hibernate.dialect.PostgreSQL10Dialect
2021-06-20 21:16:41,654 INFO org.hibernate.engine.transaction.jta.platform.internal.JtaPlatformInitiator [main] HHH000490: Using JtaPlatform implementation: [org.hibernate.engine.transaction.jta.platform.internal.NoJtaPlatform]
2021-06-20 21:16:41,664 INFO org.springframework.orm.jpa.LocalContainerEntityManagerFactoryBean [main] Initialized JPA EntityManagerFactory for persistence unit 'default'
2021-06-20 21:16:42,596 WARN org.springframework.boot.autoconfigure.orm.jpa.JpaBaseConfiguration$JpaWebConfiguration [main] spring.jpa.open-in-view is enabled by default. Therefore, database queries may be performed during view rendering. Explicitly configure spring.jpa.open-in-view to disable this warning
2021-06-20 21:16:43,775 INFO org.apache.coyote.http11.Http11NioProtocol [main] Starting ProtocolHandler ["http-nio-8080"]
2021-06-20 21:16:43,792 WARN org.springframework.boot.web.servlet.context.AnnotationConfigServletWebServerApplicationContext [main] Exception encountered during context initialization - cancelling refresh attempt: org.springframework.context.ApplicationContextException: Failed to start bean 'webServerStartStop'; nested exception is org.springframework.boot.web.server.PortInUseException: Port 8080 is already in use
2021-06-20 21:16:43,798 INFO org.springframework.orm.jpa.LocalContainerEntityManagerFactoryBean [main] Closing JPA EntityManagerFactory for persistence unit 'default'
2021-06-20 21:16:43,800 INFO com.zaxxer.hikari.HikariDataSource [main] HikariPool-1 - Shutdown initiated...
2021-06-20 21:16:43,805 INFO com.zaxxer.hikari.HikariDataSource [main] HikariPool-1 - Shutdown completed.
2021-06-20 21:16:43,809 INFO org.apache.coyote.http11.Http11NioProtocol [main] Pausing ProtocolHandler ["http-nio-8080"]
2021-06-20 21:16:43,810 INFO org.apache.catalina.core.StandardService [main] Stopping service [Tomcat]
2021-06-20 21:16:43,814 INFO org.apache.coyote.http11.Http11NioProtocol [main] Stopping ProtocolHandler ["http-nio-8080"]
2021-06-20 21:16:43,815 INFO org.apache.coyote.http11.Http11NioProtocol [main] Destroying ProtocolHandler ["http-nio-8080"]
2021-06-20 21:16:43,831 INFO org.springframework.boot.autoconfigure.logging.ConditionEvaluationReportLoggingListener [main] 

Error starting ApplicationContext. To display the conditions report re-run your application with 'debug' enabled.
2021-06-20 21:16:43,851 ERROR org.springframework.boot.diagnostics.LoggingFailureAnalysisReporter [main] 

***************************
APPLICATION FAILED TO START
***************************

Description:

Web server failed to start. Port 8080 was already in use.

Action:

Identify and stop the process that's listening on port 8080 or configure this application to listen on another port.

2021-06-20 21:17:00,030 INFO org.springframework.boot.admin.SpringApplicationAdminMXBeanRegistrar$SpringApplicationAdmin [RMI TCP Connection(46)-127.0.0.1] Application shutdown requested.
2021-06-20 21:17:00,083 INFO org.springframework.orm.jpa.LocalContainerEntityManagerFactoryBean [RMI TCP Connection(46)-127.0.0.1] Closing JPA EntityManagerFactory for persistence unit 'default'
2021-06-20 21:17:00,090 INFO com.zaxxer.hikari.HikariDataSource [RMI TCP Connection(46)-127.0.0.1] HikariPool-1 - Shutdown initiated...
2021-06-20 21:17:00,098 INFO com.zaxxer.hikari.HikariDataSource [RMI TCP Connection(46)-127.0.0.1] HikariPool-1 - Shutdown completed.
2021-06-20 21:17:23,239 INFO org.hibernate.validator.internal.util.Version [background-preinit] HV000001: Hibernate Validator 6.1.6.Final
2021-06-20 21:17:23,321 INFO com.ElectronicPurchaseAppApplication [main] Starting ElectronicPurchaseAppApplication using Java 15.0.2 on DESKTOP-QR1VEP6 with PID 18100 (C:\Users\HP\eclipse-workspaceProject\ElectronicPurchaseApp\bin\main started by HP in C:\Users\HP\eclipse-workspaceProject\ElectronicPurchaseApp)
2021-06-20 21:17:23,322 INFO com.ElectronicPurchaseAppApplication [main] No active profile set, falling back to default profiles: default
2021-06-20 21:17:24,966 INFO org.springframework.data.repository.config.RepositoryConfigurationDelegate [main] Bootstrapping Spring Data JPA repositories in DEFAULT mode.
2021-06-20 21:17:25,395 INFO org.springframework.data.repository.config.RepositoryConfigurationDelegate [main] Finished Spring Data repository scanning in 418 ms. Found 5 JPA repository interfaces.
2021-06-20 21:17:26,209 INFO org.springframework.boot.web.embedded.tomcat.TomcatWebServer [main] Tomcat initialized with port(s): 8080 (http)
2021-06-20 21:17:26,220 INFO org.apache.coyote.http11.Http11NioProtocol [main] Initializing ProtocolHandler ["http-nio-8080"]
2021-06-20 21:17:26,221 INFO org.apache.catalina.core.StandardService [main] Starting service [Tomcat]
2021-06-20 21:17:26,222 INFO org.apache.catalina.core.StandardEngine [main] Starting Servlet engine: [Apache Tomcat/9.0.46]
2021-06-20 21:17:26,355 INFO org.apache.catalina.core.ContainerBase.[Tomcat].[localhost].[/] [main] Initializing Spring embedded WebApplicationContext
2021-06-20 21:17:26,355 INFO org.springframework.boot.web.servlet.context.ServletWebServerApplicationContext [main] Root WebApplicationContext: initialization completed in 2963 ms
2021-06-20 21:17:26,538 INFO com.zaxxer.hikari.HikariDataSource [main] HikariPool-1 - Starting...
2021-06-20 21:17:26,775 INFO com.zaxxer.hikari.HikariDataSource [main] HikariPool-1 - Start completed.
2021-06-20 21:17:27,225 INFO org.hibernate.jpa.internal.util.LogHelper [main] HHH000204: Processing PersistenceUnitInfo [name: default]
2021-06-20 21:17:27,289 INFO org.hibernate.Version [main] HHH000412: Hibernate ORM core version 5.4.32.Final
2021-06-20 21:17:27,450 INFO org.hibernate.annotations.common.Version [main] HCANN000001: Hibernate Commons Annotations {5.1.2.Final}
2021-06-20 21:17:27,609 INFO org.hibernate.dialect.Dialect [main] HHH000400: Using dialect: org.hibernate.dialect.PostgreSQL10Dialect
2021-06-20 21:17:29,466 INFO org.hibernate.engine.transaction.jta.platform.internal.JtaPlatformInitiator [main] HHH000490: Using JtaPlatform implementation: [org.hibernate.engine.transaction.jta.platform.internal.NoJtaPlatform]
2021-06-20 21:17:29,479 INFO org.springframework.orm.jpa.LocalContainerEntityManagerFactoryBean [main] Initialized JPA EntityManagerFactory for persistence unit 'default'
2021-06-20 21:17:30,372 WARN org.springframework.boot.autoconfigure.orm.jpa.JpaBaseConfiguration$JpaWebConfiguration [main] spring.jpa.open-in-view is enabled by default. Therefore, database queries may be performed during view rendering. Explicitly configure spring.jpa.open-in-view to disable this warning
2021-06-20 21:17:31,550 INFO org.apache.coyote.http11.Http11NioProtocol [main] Starting ProtocolHandler ["http-nio-8080"]
2021-06-20 21:17:31,576 INFO org.springframework.boot.web.embedded.tomcat.TomcatWebServer [main] Tomcat started on port(s): 8080 (http) with context path ''
2021-06-20 21:17:32,183 INFO com.ElectronicPurchaseAppApplication [main] Started ElectronicPurchaseAppApplication in 9.359 seconds (JVM running for 10.607)
2021-06-20 21:17:48,426 INFO org.apache.catalina.core.ContainerBase.[Tomcat].[localhost].[/] [http-nio-8080-exec-1] Initializing Spring DispatcherServlet 'dispatcherServlet'
2021-06-20 21:17:48,426 INFO org.springframework.web.servlet.DispatcherServlet [http-nio-8080-exec-1] Initializing Servlet 'dispatcherServlet'
2021-06-20 21:17:48,428 INFO org.springframework.web.servlet.DispatcherServlet [http-nio-8080-exec-1] Completed initialization in 2 ms
